๏ปฟ
> snapnext-saas@1.0.0 build
> next build

   ฮ“รปโ–“ Next.js 14.1.0
   - Environments: .env

   Creating an optimized production build ...
 ฮ“ยฃรด Compiled successfully
   Linting and checking validity of types ...
   Collecting page data ...
   Generating static pages (0/34) ...

   Generating static pages (8/34) 

   Generating static pages (16/34) 
node.exe : Payment status API error: ex [Error]: Dynamic server usage: Page couldn't be rendered statically because it 
used `nextUrl.searchParams`. See more info here: https://nextjs.org/docs/messages/dynamic-server-error
At line:1 char:1
+ & "C:\Program Files\nodejs/node.exe" "C:\Program Files\nodejs/node_mo ...
+ ~~~~~~~~~~~~~~~~~~~~~~~~~~~~~~~~~~~~~~~~~~~~~~~~~~~~~~~~~~~~~~~~~~~~~
    + CategoryInfo          : NotSpecified: (Payment status ...ic-server-error:String) [], RemoteException
    + FullyQualifiedErrorId : NativeCommandError
 
    at Object.eP [as staticGenerationBailout] 
(D:\kerja\code\photobox\node_modules\next\dist\compiled\next-server\app-route.runtime.prod.js:6:29358)
    at n (D:\kerja\code\photobox\node_modules\next\dist\compiled\next-server\app-route.runtime.prod.js:6:33712)
    at Object.get 
(D:\kerja\code\photobox\node_modules\next\dist\compiled\next-server\app-route.runtime.prod.js:6:34359)
    at i (D:\kerja\code\photobox\.next\server\app\api\payment\status\route.js:1:533)
    at D:\kerja\code\photobox\node_modules\next\dist\compiled\next-server\app-route.runtime.prod.js:6:42490
    at D:\kerja\code\photobox\node_modules\next\dist\server\lib\trace\tracer.js:133:36
    at NoopContextManager.with 
(D:\kerja\code\photobox\node_modules\next\dist\compiled\@opentelemetry\api\index.js:1:7062)
    at ContextAPI.with (D:\kerja\code\photobox\node_modules\next\dist\compiled\@opentelemetry\api\index.js:1:518)
    at NoopTracer.startActiveSpan 
(D:\kerja\code\photobox\node_modules\next\dist\compiled\@opentelemetry\api\index.js:1:18093)
    at ProxyTracer.startActiveSpan 
(D:\kerja\code\photobox\node_modules\next\dist\compiled\@opentelemetry\api\index.js:1:18854) {
  description: "Page couldn't be rendered statically because it used `nextUrl.searchParams`. See more info here: 
https://nextjs.org/docs/messages/dynamic-server-error",
  digest: 'DYNAMIC_SERVER_USAGE'
}

   Generating static pages (25/34) 

 ฮ“ยฃรด Generating static pages (34/34) 
   Finalizing page optimization ...
   Collecting build traces ...

Route (app)                              Size     First Load JS
ฮ“รถรฎ ฮ“รนรฏ /                                    5.43 kB         134 kB
ฮ“รถยฃ ฮ“รนรฏ /_not-found                          882 B          85.6 kB
ฮ“รถยฃ ฮ“รนรฏ /admin                               39.4 kB         164 kB
ฮ“รถยฃ ฮ“รนรฏ /admin/login                         5.47 kB         127 kB
ฮ“รถยฃ โ•ฌโ•— /api/auth/login                      0 B                0 B
ฮ“รถยฃ โ•ฌโ•— /api/auth/logout                     0 B                0 B
ฮ“รถยฃ โ•ฌโ•— /api/auth/me                         0 B                0 B
ฮ“รถยฃ โ•ฌโ•— /api/booth/save-session              0 B                0 B
ฮ“รถยฃ โ•ฌโ•— /api/booths/status                   0 B                0 B
ฮ“รถยฃ โ•ฌโ•— /api/brand-assets                    0 B                0 B
ฮ“รถยฃ โ•ฌโ•— /api/brand-assets/[id]               0 B                0 B
ฮ“รถยฃ โ•ฌโ•— /api/outlets                         0 B                0 B
ฮ“รถยฃ โ•ฌโ•— /api/outlets/[id]                    0 B                0 B
ฮ“รถยฃ โ•ฌโ•— /api/payment/qris                    0 B                0 B
ฮ“รถยฃ โ•ฌโ•— /api/payment/status                  0 B                0 B
ฮ“รถยฃ โ•ฌโ•— /api/photos/upload                   0 B                0 B
ฮ“รถยฃ โ•ฌโ•— /api/print                           0 B                0 B
ฮ“รถยฃ โ•ฌโ•— /api/send-wa                         0 B                0 B
ฮ“รถยฃ โ•ฌโ•— /api/sessions                        0 B                0 B
ฮ“รถยฃ โ•ฌโ•— /api/templates                       0 B                0 B
ฮ“รถยฃ โ•ฌโ•— /api/templates/[id]                  0 B                0 B
ฮ“รถยฃ โ•ฌโ•— /api/templates/active                0 B                0 B
ฮ“รถยฃ โ•ฌโ•— /api/tenants                         0 B                0 B
ฮ“รถยฃ โ•ฌโ•— /api/tenants/[id]                    0 B                0 B
ฮ“รถยฃ โ•ฌโ•— /api/testimonials                    0 B                0 B
ฮ“รถยฃ โ•ฌโ•— /api/testimonials/[id]               0 B                0 B
ฮ“รถยฃ โ•ฌโ•— /api/transactions                    0 B                0 B
ฮ“รถยฃ โ•ฌโ•— /api/users                           0 B                0 B
ฮ“รถยฃ โ•ฌโ•— /api/users/[id]                      0 B                0 B
ฮ“รถยฃ โ•ฌโ•— /api/vouchers                        0 B                0 B
ฮ“รถยฃ โ•ฌโ•— /api/vouchers/[id]                   0 B                0 B
ฮ“รถยฃ โ•ฌโ•— /api/vouchers/active                 0 B                0 B
ฮ“รถยฃ ฮ“รนรฏ /booth                               15.5 kB         140 kB
ฮ“รถยฃ ฮ“รนรฏ /booth/login                         4.94 kB         130 kB
ฮ“รถยฃ ฮ“รนรฏ /features                            3.52 kB         132 kB
ฮ“รถยฃ ฮ“รนรฏ /gallery                             2.52 kB         124 kB
ฮ“รถยฃ ฮ“รนรฏ /locations                           3.03 kB         131 kB
ฮ“รถยฃ ฮ“รนรฏ /pricing                             3.15 kB         132 kB
ฮ“รถรถ ฮ“รนรฏ /testimonials                        2.81 kB         131 kB
+ First Load JS shared by all            84.7 kB
  ฮ“รถยฃ chunks/69-6c170b157b6fdb10.js        28.9 kB
  ฮ“รถยฃ chunks/fd9d1056-44bf5c2e83d56d16.js  53.4 kB
  ฮ“รถรถ other shared chunks (total)          2.4 kB


ฮ“รนรฏ  (Static)   prerendered as static content
โ•ฌโ•—  (Dynamic)  server-rendered on demand using Node.js

